{"C:\\Users\\qwert\\WEB_2\\React-Tasks\\src\\App.tsx": {"path":"C:\\Users\\qwert\\WEB_2\\React-Tasks\\src\\App.tsx","all":false,"statementMap":{"0":{"start":{"line":1,"column":0},"end":{"line":1,"column":71}},"1":{"start":{"line":2,"column":0},"end":{"line":2,"column":50}},"2":{"start":{"line":3,"column":0},"end":{"line":3,"column":37}},"4":{"start":{"line":5,"column":0},"end":{"line":5,"column":36}},"5":{"start":{"line":6,"column":0},"end":{"line":6,"column":3}},"6":{"start":{"line":7,"column":0},"end":{"line":7,"column":14}},"7":{"start":{"line":8,"column":0},"end":{"line":8,"column":29}},"8":{"start":{"line":9,"column":0},"end":{"line":9,"column":28}},"9":{"start":{"line":10,"column":0},"end":{"line":10,"column":15}},"10":{"start":{"line":11,"column":0},"end":{"line":11,"column":7}},"11":{"start":{"line":12,"column":0},"end":{"line":12,"column":20}},"12":{"start":{"line":13,"column":0},"end":{"line":13,"column":32}},"13":{"start":{"line":14,"column":0},"end":{"line":14,"column":8}},"14":{"start":{"line":15,"column":0},"end":{"line":15,"column":7}},"15":{"start":{"line":16,"column":0},"end":{"line":16,"column":23}},"16":{"start":{"line":17,"column":0},"end":{"line":17,"column":32}},"17":{"start":{"line":18,"column":0},"end":{"line":18,"column":8}},"18":{"start":{"line":19,"column":0},"end":{"line":19,"column":7}},"19":{"start":{"line":20,"column":0},"end":{"line":20,"column":35}},"20":{"start":{"line":21,"column":0},"end":{"line":21,"column":35}},"21":{"start":{"line":22,"column":0},"end":{"line":22,"column":8}},"22":{"start":{"line":23,"column":0},"end":{"line":23,"column":6}},"23":{"start":{"line":24,"column":0},"end":{"line":24,"column":4}},"24":{"start":{"line":25,"column":0},"end":{"line":25,"column":3}},"26":{"start":{"line":27,"column":0},"end":{"line":27,"column":26}},"27":{"start":{"line":28,"column":0},"end":{"line":28,"column":44}},"28":{"start":{"line":29,"column":0},"end":{"line":29,"column":2}}},"s":{"0":1,"1":1,"2":1,"4":1,"5":1,"6":1,"7":1,"8":1,"9":1,"10":1,"11":1,"12":1,"13":1,"14":1,"15":1,"16":1,"17":1,"18":1,"19":1,"20":1,"21":1,"22":1,"23":1,"24":1,"26":1,"27":6,"28":6},"branchMap":{"0":{"type":"branch","line":27,"loc":{"start":{"line":27,"column":19},"end":{"line":29,"column":2}},"locations":[{"start":{"line":27,"column":19},"end":{"line":29,"column":2}}]}},"b":{"0":[6]},"fnMap":{"0":{"name":"App","decl":{"start":{"line":27,"column":19},"end":{"line":29,"column":2}},"loc":{"start":{"line":27,"column":19},"end":{"line":29,"column":2}},"line":27}},"f":{"0":6}}
,"C:\\Users\\qwert\\WEB_2\\React-Tasks\\src\\components\\index.ts": {"path":"C:\\Users\\qwert\\WEB_2\\React-Tasks\\src\\components\\index.ts","all":false,"statementMap":{"0":{"start":{"line":1,"column":0},"end":{"line":1,"column":48}}},"s":{"0":1},"branchMap":{},"b":{},"fnMap":{},"f":{}}
,"C:\\Users\\qwert\\WEB_2\\React-Tasks\\src\\components\\Card\\index.ts": {"path":"C:\\Users\\qwert\\WEB_2\\React-Tasks\\src\\components\\Card\\index.ts","all":false,"statementMap":{"0":{"start":{"line":1,"column":0},"end":{"line":1,"column":33}}},"s":{"0":1},"branchMap":{},"b":{},"fnMap":{},"f":{}}
,"C:\\Users\\qwert\\WEB_2\\React-Tasks\\src\\components\\Card\\ui\\Card.tsx": {"path":"C:\\Users\\qwert\\WEB_2\\React-Tasks\\src\\components\\Card\\ui\\Card.tsx","all":false,"statementMap":{"0":{"start":{"line":1,"column":0},"end":{"line":1,"column":38}},"3":{"start":{"line":4,"column":0},"end":{"line":4,"column":22}},"4":{"start":{"line":5,"column":0},"end":{"line":5,"column":9}},"5":{"start":{"line":6,"column":0},"end":{"line":6,"column":10}},"6":{"start":{"line":7,"column":0},"end":{"line":7,"column":4}},"9":{"start":{"line":10,"column":0},"end":{"line":10,"column":7}},"10":{"start":{"line":11,"column":0},"end":{"line":11,"column":10}},"11":{"start":{"line":12,"column":0},"end":{"line":12,"column":69}},"12":{"start":{"line":13,"column":0},"end":{"line":13,"column":52}},"13":{"start":{"line":14,"column":0},"end":{"line":14,"column":41}},"14":{"start":{"line":15,"column":0},"end":{"line":15,"column":36}},"15":{"start":{"line":16,"column":0},"end":{"line":16,"column":47}},"16":{"start":{"line":17,"column":0},"end":{"line":17,"column":14}},"17":{"start":{"line":18,"column":0},"end":{"line":18,"column":36}},"18":{"start":{"line":19,"column":0},"end":{"line":19,"column":46}},"19":{"start":{"line":20,"column":0},"end":{"line":20,"column":14}},"20":{"start":{"line":21,"column":0},"end":{"line":21,"column":36}},"21":{"start":{"line":22,"column":0},"end":{"line":22,"column":46}},"22":{"start":{"line":23,"column":0},"end":{"line":23,"column":14}},"23":{"start":{"line":24,"column":0},"end":{"line":24,"column":36}},"24":{"start":{"line":25,"column":0},"end":{"line":25,"column":54}},"25":{"start":{"line":26,"column":0},"end":{"line":26,"column":14}},"26":{"start":{"line":27,"column":0},"end":{"line":27,"column":36}},"27":{"start":{"line":28,"column":0},"end":{"line":28,"column":52}},"28":{"start":{"line":29,"column":0},"end":{"line":29,"column":14}},"29":{"start":{"line":30,"column":0},"end":{"line":30,"column":36}},"30":{"start":{"line":31,"column":0},"end":{"line":31,"column":54}},"31":{"start":{"line":32,"column":0},"end":{"line":32,"column":14}},"32":{"start":{"line":33,"column":0},"end":{"line":33,"column":12}},"33":{"start":{"line":34,"column":0},"end":{"line":34,"column":10}},"35":{"start":{"line":36,"column":0},"end":{"line":36,"column":2}}},"s":{"0":1,"3":1,"4":31,"5":31,"6":31,"9":31,"10":31,"11":31,"12":31,"13":31,"14":31,"15":31,"16":31,"17":31,"18":31,"19":31,"20":31,"21":31,"22":31,"23":31,"24":31,"25":31,"26":31,"27":31,"28":31,"29":31,"30":31,"31":31,"32":31,"33":31,"35":31},"branchMap":{"0":{"type":"branch","line":4,"loc":{"start":{"line":4,"column":20},"end":{"line":36,"column":2}},"locations":[{"start":{"line":4,"column":20},"end":{"line":36,"column":2}}]}},"b":{"0":[31]},"fnMap":{"0":{"name":"Card","decl":{"start":{"line":4,"column":20},"end":{"line":36,"column":2}},"loc":{"start":{"line":4,"column":20},"end":{"line":36,"column":2}},"line":4}},"f":{"0":31}}
,"C:\\Users\\qwert\\WEB_2\\React-Tasks\\src\\components\\CardList\\helpers.ts": {"path":"C:\\Users\\qwert\\WEB_2\\React-Tasks\\src\\components\\CardList\\helpers.ts","all":false,"statementMap":{"0":{"start":{"line":1,"column":0},"end":{"line":1,"column":36}},"1":{"start":{"line":2,"column":0},"end":{"line":2,"column":3}},"2":{"start":{"line":3,"column":0},"end":{"line":3,"column":27}},"3":{"start":{"line":4,"column":0},"end":{"line":4,"column":18}},"4":{"start":{"line":5,"column":0},"end":{"line":5,"column":15}},"5":{"start":{"line":6,"column":0},"end":{"line":6,"column":24}},"6":{"start":{"line":7,"column":0},"end":{"line":7,"column":23}},"7":{"start":{"line":8,"column":0},"end":{"line":8,"column":22}},"8":{"start":{"line":9,"column":0},"end":{"line":9,"column":24}},"9":{"start":{"line":10,"column":0},"end":{"line":10,"column":19}},"10":{"start":{"line":11,"column":0},"end":{"line":11,"column":50}},"11":{"start":{"line":12,"column":0},"end":{"line":12,"column":12}},"12":{"start":{"line":13,"column":0},"end":{"line":13,"column":39}},"13":{"start":{"line":14,"column":0},"end":{"line":14,"column":39}},"14":{"start":{"line":15,"column":0},"end":{"line":15,"column":39}},"15":{"start":{"line":16,"column":0},"end":{"line":16,"column":39}},"16":{"start":{"line":17,"column":0},"end":{"line":17,"column":6}},"17":{"start":{"line":18,"column":0},"end":{"line":18,"column":16}},"18":{"start":{"line":19,"column":0},"end":{"line":19,"column":15}},"19":{"start":{"line":20,"column":0},"end":{"line":20,"column":43}},"20":{"start":{"line":21,"column":0},"end":{"line":21,"column":43}},"21":{"start":{"line":22,"column":0},"end":{"line":22,"column":6}},"22":{"start":{"line":23,"column":0},"end":{"line":23,"column":16}},"23":{"start":{"line":24,"column":0},"end":{"line":24,"column":44}},"24":{"start":{"line":25,"column":0},"end":{"line":25,"column":44}},"25":{"start":{"line":26,"column":0},"end":{"line":26,"column":6}},"26":{"start":{"line":27,"column":0},"end":{"line":27,"column":43}},"27":{"start":{"line":28,"column":0},"end":{"line":28,"column":42}},"28":{"start":{"line":29,"column":0},"end":{"line":29,"column":43}},"29":{"start":{"line":30,"column":0},"end":{"line":30,"column":4}},"30":{"start":{"line":31,"column":0},"end":{"line":31,"column":3}},"31":{"start":{"line":32,"column":0},"end":{"line":32,"column":18}},"32":{"start":{"line":33,"column":0},"end":{"line":33,"column":18}},"33":{"start":{"line":34,"column":0},"end":{"line":34,"column":15}},"34":{"start":{"line":35,"column":0},"end":{"line":35,"column":22}},"35":{"start":{"line":36,"column":0},"end":{"line":36,"column":23}},"36":{"start":{"line":37,"column":0},"end":{"line":37,"column":24}},"37":{"start":{"line":38,"column":0},"end":{"line":38,"column":25}},"38":{"start":{"line":39,"column":0},"end":{"line":39,"column":18}},"39":{"start":{"line":40,"column":0},"end":{"line":40,"column":50}},"40":{"start":{"line":41,"column":0},"end":{"line":41,"column":12}},"41":{"start":{"line":42,"column":0},"end":{"line":42,"column":39}},"42":{"start":{"line":43,"column":0},"end":{"line":43,"column":39}},"43":{"start":{"line":44,"column":0},"end":{"line":44,"column":39}},"44":{"start":{"line":45,"column":0},"end":{"line":45,"column":39}},"45":{"start":{"line":46,"column":0},"end":{"line":46,"column":39}},"46":{"start":{"line":47,"column":0},"end":{"line":47,"column":39}},"47":{"start":{"line":48,"column":0},"end":{"line":48,"column":6}},"48":{"start":{"line":49,"column":0},"end":{"line":49,"column":50}},"49":{"start":{"line":50,"column":0},"end":{"line":50,"column":17}},"50":{"start":{"line":51,"column":0},"end":{"line":51,"column":18}},"51":{"start":{"line":52,"column":0},"end":{"line":52,"column":43}},"52":{"start":{"line":53,"column":0},"end":{"line":53,"column":42}},"53":{"start":{"line":54,"column":0},"end":{"line":54,"column":43}},"54":{"start":{"line":55,"column":0},"end":{"line":55,"column":4}},"55":{"start":{"line":56,"column":0},"end":{"line":56,"column":3}},"56":{"start":{"line":57,"column":0},"end":{"line":57,"column":18}},"57":{"start":{"line":58,"column":0},"end":{"line":58,"column":17}},"58":{"start":{"line":59,"column":0},"end":{"line":59,"column":15}},"59":{"start":{"line":60,"column":0},"end":{"line":60,"column":22}},"60":{"start":{"line":61,"column":0},"end":{"line":61,"column":30}},"61":{"start":{"line":62,"column":0},"end":{"line":62,"column":21}},"62":{"start":{"line":63,"column":0},"end":{"line":63,"column":24}},"63":{"start":{"line":64,"column":0},"end":{"line":64,"column":18}},"64":{"start":{"line":65,"column":0},"end":{"line":65,"column":50}},"65":{"start":{"line":66,"column":0},"end":{"line":66,"column":12}},"66":{"start":{"line":67,"column":0},"end":{"line":67,"column":39}},"67":{"start":{"line":68,"column":0},"end":{"line":68,"column":39}},"68":{"start":{"line":69,"column":0},"end":{"line":69,"column":39}},"69":{"start":{"line":70,"column":0},"end":{"line":70,"column":39}},"70":{"start":{"line":71,"column":0},"end":{"line":71,"column":39}},"71":{"start":{"line":72,"column":0},"end":{"line":72,"column":39}},"72":{"start":{"line":73,"column":0},"end":{"line":73,"column":6}},"73":{"start":{"line":74,"column":0},"end":{"line":74,"column":50}},"74":{"start":{"line":75,"column":0},"end":{"line":75,"column":17}},"75":{"start":{"line":76,"column":0},"end":{"line":76,"column":18}},"76":{"start":{"line":77,"column":0},"end":{"line":77,"column":43}},"77":{"start":{"line":78,"column":0},"end":{"line":78,"column":42}},"78":{"start":{"line":79,"column":0},"end":{"line":79,"column":43}},"79":{"start":{"line":80,"column":0},"end":{"line":80,"column":4}},"80":{"start":{"line":81,"column":0},"end":{"line":81,"column":3}},"81":{"start":{"line":82,"column":0},"end":{"line":82,"column":24}},"82":{"start":{"line":83,"column":0},"end":{"line":83,"column":18}},"83":{"start":{"line":84,"column":0},"end":{"line":84,"column":16}},"84":{"start":{"line":85,"column":0},"end":{"line":85,"column":23}},"85":{"start":{"line":86,"column":0},"end":{"line":86,"column":24}},"86":{"start":{"line":87,"column":0},"end":{"line":87,"column":24}},"87":{"start":{"line":88,"column":0},"end":{"line":88,"column":26}},"88":{"start":{"line":89,"column":0},"end":{"line":89,"column":19}},"89":{"start":{"line":90,"column":0},"end":{"line":90,"column":50}},"90":{"start":{"line":91,"column":0},"end":{"line":91,"column":12}},"91":{"start":{"line":92,"column":0},"end":{"line":92,"column":39}},"92":{"start":{"line":93,"column":0},"end":{"line":93,"column":39}},"93":{"start":{"line":94,"column":0},"end":{"line":94,"column":39}},"94":{"start":{"line":95,"column":0},"end":{"line":95,"column":39}},"95":{"start":{"line":96,"column":0},"end":{"line":96,"column":6}},"96":{"start":{"line":97,"column":0},"end":{"line":97,"column":16}},"97":{"start":{"line":98,"column":0},"end":{"line":98,"column":17}},"98":{"start":{"line":99,"column":0},"end":{"line":99,"column":55}},"99":{"start":{"line":100,"column":0},"end":{"line":100,"column":43}},"100":{"start":{"line":101,"column":0},"end":{"line":101,"column":42}},"101":{"start":{"line":102,"column":0},"end":{"line":102,"column":43}},"102":{"start":{"line":103,"column":0},"end":{"line":103,"column":4}},"103":{"start":{"line":104,"column":0},"end":{"line":104,"column":3}},"104":{"start":{"line":105,"column":0},"end":{"line":105,"column":24}},"105":{"start":{"line":106,"column":0},"end":{"line":106,"column":18}},"106":{"start":{"line":107,"column":0},"end":{"line":107,"column":15}},"107":{"start":{"line":108,"column":0},"end":{"line":108,"column":24}},"108":{"start":{"line":109,"column":0},"end":{"line":109,"column":24}},"109":{"start":{"line":110,"column":0},"end":{"line":110,"column":23}},"110":{"start":{"line":111,"column":0},"end":{"line":111,"column":24}},"111":{"start":{"line":112,"column":0},"end":{"line":112,"column":21}},"112":{"start":{"line":113,"column":0},"end":{"line":113,"column":50}},"113":{"start":{"line":114,"column":0},"end":{"line":114,"column":12}},"114":{"start":{"line":115,"column":0},"end":{"line":115,"column":39}},"115":{"start":{"line":116,"column":0},"end":{"line":116,"column":39}},"116":{"start":{"line":117,"column":0},"end":{"line":117,"column":39}},"117":{"start":{"line":118,"column":0},"end":{"line":118,"column":39}},"118":{"start":{"line":119,"column":0},"end":{"line":119,"column":6}},"119":{"start":{"line":120,"column":0},"end":{"line":120,"column":16}},"120":{"start":{"line":121,"column":0},"end":{"line":121,"column":53}},"121":{"start":{"line":122,"column":0},"end":{"line":122,"column":18}},"122":{"start":{"line":123,"column":0},"end":{"line":123,"column":43}},"123":{"start":{"line":124,"column":0},"end":{"line":124,"column":42}},"124":{"start":{"line":125,"column":0},"end":{"line":125,"column":43}},"125":{"start":{"line":126,"column":0},"end":{"line":126,"column":4}},"126":{"start":{"line":127,"column":0},"end":{"line":127,"column":3}},"127":{"start":{"line":128,"column":0},"end":{"line":128,"column":22}},"128":{"start":{"line":129,"column":0},"end":{"line":129,"column":18}},"129":{"start":{"line":130,"column":0},"end":{"line":130,"column":16}},"130":{"start":{"line":131,"column":0},"end":{"line":131,"column":30}},"131":{"start":{"line":132,"column":0},"end":{"line":132,"column":24}},"132":{"start":{"line":133,"column":0},"end":{"line":133,"column":22}},"133":{"start":{"line":134,"column":0},"end":{"line":134,"column":24}},"134":{"start":{"line":135,"column":0},"end":{"line":135,"column":19}},"135":{"start":{"line":136,"column":0},"end":{"line":136,"column":50}},"136":{"start":{"line":137,"column":0},"end":{"line":137,"column":12}},"137":{"start":{"line":138,"column":0},"end":{"line":138,"column":39}},"138":{"start":{"line":139,"column":0},"end":{"line":139,"column":39}},"139":{"start":{"line":140,"column":0},"end":{"line":140,"column":39}},"140":{"start":{"line":141,"column":0},"end":{"line":141,"column":6}},"141":{"start":{"line":142,"column":0},"end":{"line":142,"column":16}},"142":{"start":{"line":143,"column":0},"end":{"line":143,"column":17}},"143":{"start":{"line":144,"column":0},"end":{"line":144,"column":18}},"144":{"start":{"line":145,"column":0},"end":{"line":145,"column":43}},"145":{"start":{"line":146,"column":0},"end":{"line":146,"column":42}},"146":{"start":{"line":147,"column":0},"end":{"line":147,"column":43}},"147":{"start":{"line":148,"column":0},"end":{"line":148,"column":4}},"148":{"start":{"line":149,"column":0},"end":{"line":149,"column":3}},"149":{"start":{"line":150,"column":0},"end":{"line":150,"column":31}},"150":{"start":{"line":151,"column":0},"end":{"line":151,"column":18}},"151":{"start":{"line":152,"column":0},"end":{"line":152,"column":15}},"152":{"start":{"line":153,"column":0},"end":{"line":153,"column":24}},"153":{"start":{"line":154,"column":0},"end":{"line":154,"column":24}},"154":{"start":{"line":155,"column":0},"end":{"line":155,"column":22}},"155":{"start":{"line":156,"column":0},"end":{"line":156,"column":24}},"156":{"start":{"line":157,"column":0},"end":{"line":157,"column":21}},"157":{"start":{"line":158,"column":0},"end":{"line":158,"column":50}},"158":{"start":{"line":159,"column":0},"end":{"line":159,"column":12}},"159":{"start":{"line":160,"column":0},"end":{"line":160,"column":39}},"160":{"start":{"line":161,"column":0},"end":{"line":161,"column":39}},"161":{"start":{"line":162,"column":0},"end":{"line":162,"column":39}},"162":{"start":{"line":163,"column":0},"end":{"line":163,"column":6}},"163":{"start":{"line":164,"column":0},"end":{"line":164,"column":16}},"164":{"start":{"line":165,"column":0},"end":{"line":165,"column":17}},"165":{"start":{"line":166,"column":0},"end":{"line":166,"column":18}},"166":{"start":{"line":167,"column":0},"end":{"line":167,"column":43}},"167":{"start":{"line":168,"column":0},"end":{"line":168,"column":42}},"168":{"start":{"line":169,"column":0},"end":{"line":169,"column":43}},"169":{"start":{"line":170,"column":0},"end":{"line":170,"column":4}},"170":{"start":{"line":171,"column":0},"end":{"line":171,"column":3}},"171":{"start":{"line":172,"column":0},"end":{"line":172,"column":18}},"172":{"start":{"line":173,"column":0},"end":{"line":173,"column":17}},"173":{"start":{"line":174,"column":0},"end":{"line":174,"column":15}},"174":{"start":{"line":175,"column":0},"end":{"line":175,"column":22}},"175":{"start":{"line":176,"column":0},"end":{"line":176,"column":29}},"176":{"start":{"line":177,"column":0},"end":{"line":177,"column":21}},"177":{"start":{"line":178,"column":0},"end":{"line":178,"column":26}},"178":{"start":{"line":179,"column":0},"end":{"line":179,"column":18}},"179":{"start":{"line":180,"column":0},"end":{"line":180,"column":50}},"180":{"start":{"line":181,"column":0},"end":{"line":181,"column":46}},"181":{"start":{"line":182,"column":0},"end":{"line":182,"column":50}},"182":{"start":{"line":183,"column":0},"end":{"line":183,"column":17}},"183":{"start":{"line":184,"column":0},"end":{"line":184,"column":18}},"184":{"start":{"line":185,"column":0},"end":{"line":185,"column":43}},"185":{"start":{"line":186,"column":0},"end":{"line":186,"column":42}},"186":{"start":{"line":187,"column":0},"end":{"line":187,"column":43}},"187":{"start":{"line":188,"column":0},"end":{"line":188,"column":4}},"188":{"start":{"line":189,"column":0},"end":{"line":189,"column":3}},"189":{"start":{"line":190,"column":0},"end":{"line":190,"column":30}},"190":{"start":{"line":191,"column":0},"end":{"line":191,"column":18}},"191":{"start":{"line":192,"column":0},"end":{"line":192,"column":15}},"192":{"start":{"line":193,"column":0},"end":{"line":193,"column":24}},"193":{"start":{"line":194,"column":0},"end":{"line":194,"column":24}},"194":{"start":{"line":195,"column":0},"end":{"line":195,"column":23}},"195":{"start":{"line":196,"column":0},"end":{"line":196,"column":24}},"196":{"start":{"line":197,"column":0},"end":{"line":197,"column":19}},"197":{"start":{"line":198,"column":0},"end":{"line":198,"column":50}},"198":{"start":{"line":199,"column":0},"end":{"line":199,"column":46}},"199":{"start":{"line":200,"column":0},"end":{"line":200,"column":16}},"200":{"start":{"line":201,"column":0},"end":{"line":201,"column":17}},"201":{"start":{"line":202,"column":0},"end":{"line":202,"column":55}},"202":{"start":{"line":203,"column":0},"end":{"line":203,"column":43}},"203":{"start":{"line":204,"column":0},"end":{"line":204,"column":42}},"204":{"start":{"line":205,"column":0},"end":{"line":205,"column":43}},"205":{"start":{"line":206,"column":0},"end":{"line":206,"column":4}},"206":{"start":{"line":207,"column":0},"end":{"line":207,"column":3}},"207":{"start":{"line":208,"column":0},"end":{"line":208,"column":27}},"208":{"start":{"line":209,"column":0},"end":{"line":209,"column":18}},"209":{"start":{"line":210,"column":0},"end":{"line":210,"column":15}},"210":{"start":{"line":211,"column":0},"end":{"line":211,"column":32}},"211":{"start":{"line":212,"column":0},"end":{"line":212,"column":23}},"212":{"start":{"line":213,"column":0},"end":{"line":213,"column":27}},"213":{"start":{"line":214,"column":0},"end":{"line":214,"column":24}},"214":{"start":{"line":215,"column":0},"end":{"line":215,"column":19}},"215":{"start":{"line":216,"column":0},"end":{"line":216,"column":51}},"216":{"start":{"line":217,"column":0},"end":{"line":217,"column":12}},"217":{"start":{"line":218,"column":0},"end":{"line":218,"column":39}},"218":{"start":{"line":219,"column":0},"end":{"line":219,"column":39}},"219":{"start":{"line":220,"column":0},"end":{"line":220,"column":39}},"220":{"start":{"line":221,"column":0},"end":{"line":221,"column":39}},"221":{"start":{"line":222,"column":0},"end":{"line":222,"column":39}},"222":{"start":{"line":223,"column":0},"end":{"line":223,"column":39}},"223":{"start":{"line":224,"column":0},"end":{"line":224,"column":6}},"224":{"start":{"line":225,"column":0},"end":{"line":225,"column":16}},"225":{"start":{"line":226,"column":0},"end":{"line":226,"column":53}},"226":{"start":{"line":227,"column":0},"end":{"line":227,"column":16}},"227":{"start":{"line":228,"column":0},"end":{"line":228,"column":44}},"228":{"start":{"line":229,"column":0},"end":{"line":229,"column":44}},"229":{"start":{"line":230,"column":0},"end":{"line":230,"column":44}},"230":{"start":{"line":231,"column":0},"end":{"line":231,"column":44}},"231":{"start":{"line":232,"column":0},"end":{"line":232,"column":44}},"232":{"start":{"line":233,"column":0},"end":{"line":233,"column":6}},"233":{"start":{"line":234,"column":0},"end":{"line":234,"column":43}},"234":{"start":{"line":235,"column":0},"end":{"line":235,"column":42}},"235":{"start":{"line":236,"column":0},"end":{"line":236,"column":44}},"236":{"start":{"line":237,"column":0},"end":{"line":237,"column":4}},"237":{"start":{"line":238,"column":0},"end":{"line":238,"column":2}}},"s":{"0":1,"1":1,"2":1,"3":1,"4":1,"5":1,"6":1,"7":1,"8":1,"9":1,"10":1,"11":1,"12":1,"13":1,"14":1,"15":1,"16":1,"17":1,"18":1,"19":1,"20":1,"21":1,"22":1,"23":1,"24":1,"25":1,"26":1,"27":1,"28":1,"29":1,"30":1,"31":1,"32":1,"33":1,"34":1,"35":1,"36":1,"37":1,"38":1,"39":1,"40":1,"41":1,"42":1,"43":1,"44":1,"45":1,"46":1,"47":1,"48":1,"49":1,"50":1,"51":1,"52":1,"53":1,"54":1,"55":1,"56":1,"57":1,"58":1,"59":1,"60":1,"61":1,"62":1,"63":1,"64":1,"65":1,"66":1,"67":1,"68":1,"69":1,"70":1,"71":1,"72":1,"73":1,"74":1,"75":1,"76":1,"77":1,"78":1,"79":1,"80":1,"81":1,"82":1,"83":1,"84":1,"85":1,"86":1,"87":1,"88":1,"89":1,"90":1,"91":1,"92":1,"93":1,"94":1,"95":1,"96":1,"97":1,"98":1,"99":1,"100":1,"101":1,"102":1,"103":1,"104":1,"105":1,"106":1,"107":1,"108":1,"109":1,"110":1,"111":1,"112":1,"113":1,"114":1,"115":1,"116":1,"117":1,"118":1,"119":1,"120":1,"121":1,"122":1,"123":1,"124":1,"125":1,"126":1,"127":1,"128":1,"129":1,"130":1,"131":1,"132":1,"133":1,"134":1,"135":1,"136":1,"137":1,"138":1,"139":1,"140":1,"141":1,"142":1,"143":1,"144":1,"145":1,"146":1,"147":1,"148":1,"149":1,"150":1,"151":1,"152":1,"153":1,"154":1,"155":1,"156":1,"157":1,"158":1,"159":1,"160":1,"161":1,"162":1,"163":1,"164":1,"165":1,"166":1,"167":1,"168":1,"169":1,"170":1,"171":1,"172":1,"173":1,"174":1,"175":1,"176":1,"177":1,"178":1,"179":1,"180":1,"181":1,"182":1,"183":1,"184":1,"185":1,"186":1,"187":1,"188":1,"189":1,"190":1,"191":1,"192":1,"193":1,"194":1,"195":1,"196":1,"197":1,"198":1,"199":1,"200":1,"201":1,"202":1,"203":1,"204":1,"205":1,"206":1,"207":1,"208":1,"209":1,"210":1,"211":1,"212":1,"213":1,"214":1,"215":1,"216":1,"217":1,"218":1,"219":1,"220":1,"221":1,"222":1,"223":1,"224":1,"225":1,"226":1,"227":1,"228":1,"229":1,"230":1,"231":1,"232":1,"233":1,"234":1,"235":1,"236":1,"237":1},"branchMap":{},"b":{},"fnMap":{},"f":{}}
,"C:\\Users\\qwert\\WEB_2\\React-Tasks\\src\\components\\CardList\\index.ts": {"path":"C:\\Users\\qwert\\WEB_2\\React-Tasks\\src\\components\\CardList\\index.ts","all":false,"statementMap":{"0":{"start":{"line":1,"column":0},"end":{"line":1,"column":41}}},"s":{"0":1},"branchMap":{},"b":{},"fnMap":{},"f":{}}
,"C:\\Users\\qwert\\WEB_2\\React-Tasks\\src\\components\\CardList\\ui\\CardList.tsx": {"path":"C:\\Users\\qwert\\WEB_2\\React-Tasks\\src\\components\\CardList\\ui\\CardList.tsx","all":false,"statementMap":{"0":{"start":{"line":1,"column":0},"end":{"line":1,"column":42}},"1":{"start":{"line":2,"column":0},"end":{"line":2,"column":42}},"3":{"start":{"line":4,"column":0},"end":{"line":4,"column":51}},"5":{"start":{"line":6,"column":0},"end":{"line":6,"column":26}},"6":{"start":{"line":7,"column":0},"end":{"line":7,"column":10}},"8":{"start":{"line":9,"column":0},"end":{"line":9,"column":4}},"11":{"start":{"line":12,"column":0},"end":{"line":12,"column":7}},"12":{"start":{"line":13,"column":0},"end":{"line":13,"column":48}},"14":{"start":{"line":15,"column":0},"end":{"line":15,"column":25}},"15":{"start":{"line":16,"column":0},"end":{"line":16,"column":36}},"16":{"start":{"line":17,"column":0},"end":{"line":17,"column":8}},"17":{"start":{"line":18,"column":0},"end":{"line":18,"column":12}},"18":{"start":{"line":19,"column":0},"end":{"line":19,"column":34}},"19":{"start":{"line":20,"column":0},"end":{"line":20,"column":34}},"20":{"start":{"line":21,"column":0},"end":{"line":21,"column":15}},"21":{"start":{"line":22,"column":0},"end":{"line":22,"column":28}},"22":{"start":{"line":23,"column":0},"end":{"line":23,"column":60}},"24":{"start":{"line":25,"column":0},"end":{"line":25,"column":47}},"25":{"start":{"line":26,"column":0},"end":{"line":26,"column":14}},"26":{"start":{"line":27,"column":0},"end":{"line":27,"column":28}},"27":{"start":{"line":28,"column":0},"end":{"line":28,"column":27}},"28":{"start":{"line":29,"column":0},"end":{"line":29,"column":12}},"29":{"start":{"line":30,"column":0},"end":{"line":30,"column":11}},"30":{"start":{"line":31,"column":0},"end":{"line":31,"column":12}},"32":{"start":{"line":33,"column":0},"end":{"line":33,"column":2}}},"s":{"0":1,"1":1,"3":1,"5":1,"6":3,"8":3,"11":3,"12":3,"14":3,"15":0,"16":0,"17":3,"18":3,"19":3,"20":30,"21":30,"22":0,"24":0,"25":0,"26":30,"27":30,"28":30,"29":3,"30":3,"32":3},"branchMap":{"0":{"type":"branch","line":6,"loc":{"start":{"line":6,"column":24},"end":{"line":33,"column":2}},"locations":[{"start":{"line":6,"column":24},"end":{"line":33,"column":2}}]},"1":{"type":"branch","line":15,"loc":{"start":{"line":15,"column":24},"end":{"line":17,"column":8}},"locations":[{"start":{"line":15,"column":24},"end":{"line":17,"column":8}}]},"2":{"type":"branch","line":20,"loc":{"start":{"line":20,"column":21},"end":{"line":29,"column":12}},"locations":[{"start":{"line":20,"column":21},"end":{"line":29,"column":12}}]}},"b":{"0":[3],"1":[0],"2":[30]},"fnMap":{"0":{"name":"CardList","decl":{"start":{"line":6,"column":24},"end":{"line":33,"column":2}},"loc":{"start":{"line":6,"column":24},"end":{"line":33,"column":2}},"line":6},"1":{"name":"onClick","decl":{"start":{"line":22,"column":21},"end":{"line":26,"column":14}},"loc":{"start":{"line":22,"column":21},"end":{"line":26,"column":14}},"line":22}},"f":{"0":3,"1":0}}
,"C:\\Users\\qwert\\WEB_2\\React-Tasks\\src\\components\\DetailsCard\\index.ts": {"path":"C:\\Users\\qwert\\WEB_2\\React-Tasks\\src\\components\\DetailsCard\\index.ts","all":false,"statementMap":{"0":{"start":{"line":1,"column":0},"end":{"line":1,"column":47}}},"s":{"0":1},"branchMap":{},"b":{},"fnMap":{},"f":{}}
,"C:\\Users\\qwert\\WEB_2\\React-Tasks\\src\\components\\DetailsCard\\ui\\DetailsCard.tsx": {"path":"C:\\Users\\qwert\\WEB_2\\React-Tasks\\src\\components\\DetailsCard\\ui\\DetailsCard.tsx","all":false,"statementMap":{"0":{"start":{"line":1,"column":0},"end":{"line":1,"column":8}},"5":{"start":{"line":6,"column":0},"end":{"line":6,"column":26}},"7":{"start":{"line":8,"column":0},"end":{"line":8,"column":52}},"9":{"start":{"line":10,"column":0},"end":{"line":10,"column":59}},"11":{"start":{"line":12,"column":0},"end":{"line":12,"column":45}},"13":{"start":{"line":14,"column":0},"end":{"line":14,"column":44}},"15":{"start":{"line":16,"column":0},"end":{"line":16,"column":34}},"16":{"start":{"line":17,"column":0},"end":{"line":17,"column":39}},"17":{"start":{"line":18,"column":0},"end":{"line":18,"column":48}},"18":{"start":{"line":19,"column":0},"end":{"line":19,"column":57}},"20":{"start":{"line":21,"column":0},"end":{"line":21,"column":43}},"21":{"start":{"line":22,"column":0},"end":{"line":22,"column":41}},"22":{"start":{"line":23,"column":0},"end":{"line":23,"column":27}},"23":{"start":{"line":24,"column":0},"end":{"line":24,"column":33}},"24":{"start":{"line":25,"column":0},"end":{"line":25,"column":42}},"26":{"start":{"line":27,"column":0},"end":{"line":27,"column":34}},"27":{"start":{"line":28,"column":0},"end":{"line":28,"column":42}},"29":{"start":{"line":30,"column":0},"end":{"line":30,"column":20}},"31":{"start":{"line":32,"column":0},"end":{"line":32,"column":9}},"32":{"start":{"line":33,"column":0},"end":{"line":33,"column":23}},"33":{"start":{"line":34,"column":0},"end":{"line":34,"column":41}},"34":{"start":{"line":35,"column":0},"end":{"line":35,"column":32}},"35":{"start":{"line":36,"column":0},"end":{"line":36,"column":20}},"36":{"start":{"line":37,"column":0},"end":{"line":37,"column":21}},"37":{"start":{"line":38,"column":0},"end":{"line":38,"column":20}},"38":{"start":{"line":39,"column":0},"end":{"line":39,"column":21}},"39":{"start":{"line":40,"column":0},"end":{"line":40,"column":15}},"40":{"start":{"line":41,"column":0},"end":{"line":41,"column":24}},"41":{"start":{"line":42,"column":0},"end":{"line":42,"column":5}},"42":{"start":{"line":43,"column":0},"end":{"line":43,"column":4}},"44":{"start":{"line":45,"column":0},"end":{"line":45,"column":19}},"45":{"start":{"line":46,"column":0},"end":{"line":46,"column":13}},"46":{"start":{"line":47,"column":0},"end":{"line":47,"column":19}},"47":{"start":{"line":48,"column":0},"end":{"line":48,"column":5}},"48":{"start":{"line":49,"column":0},"end":{"line":49,"column":11}},"50":{"start":{"line":51,"column":0},"end":{"line":51,"column":19}},"51":{"start":{"line":52,"column":0},"end":{"line":52,"column":74}},"52":{"start":{"line":53,"column":0},"end":{"line":53,"column":42}},"54":{"start":{"line":55,"column":0},"end":{"line":55,"column":36}},"55":{"start":{"line":56,"column":0},"end":{"line":56,"column":43}},"56":{"start":{"line":57,"column":0},"end":{"line":57,"column":15}},"57":{"start":{"line":58,"column":0},"end":{"line":58,"column":7}},"59":{"start":{"line":60,"column":0},"end":{"line":60,"column":23}},"60":{"start":{"line":61,"column":0},"end":{"line":61,"column":71}},"62":{"start":{"line":63,"column":0},"end":{"line":63,"column":42}},"63":{"start":{"line":64,"column":0},"end":{"line":64,"column":46}},"65":{"start":{"line":66,"column":0},"end":{"line":66,"column":22}},"67":{"start":{"line":68,"column":0},"end":{"line":68,"column":7}},"68":{"start":{"line":69,"column":0},"end":{"line":69,"column":6}},"70":{"start":{"line":71,"column":0},"end":{"line":71,"column":52}},"72":{"start":{"line":73,"column":0},"end":{"line":73,"column":11}},"73":{"start":{"line":74,"column":0},"end":{"line":74,"column":64}},"74":{"start":{"line":75,"column":0},"end":{"line":75,"column":6}},"75":{"start":{"line":76,"column":0},"end":{"line":76,"column":9}},"77":{"start":{"line":78,"column":0},"end":{"line":78,"column":10}},"78":{"start":{"line":79,"column":0},"end":{"line":79,"column":34}},"79":{"start":{"line":80,"column":0},"end":{"line":80,"column":16}},"80":{"start":{"line":81,"column":0},"end":{"line":81,"column":10}},"81":{"start":{"line":82,"column":0},"end":{"line":82,"column":34}},"82":{"start":{"line":83,"column":0},"end":{"line":83,"column":17}},"83":{"start":{"line":84,"column":0},"end":{"line":84,"column":54}},"85":{"start":{"line":86,"column":0},"end":{"line":86,"column":34}},"86":{"start":{"line":87,"column":0},"end":{"line":87,"column":15}},"87":{"start":{"line":88,"column":0},"end":{"line":88,"column":39}},"88":{"start":{"line":89,"column":0},"end":{"line":89,"column":23}},"89":{"start":{"line":90,"column":0},"end":{"line":90,"column":26}},"90":{"start":{"line":91,"column":0},"end":{"line":91,"column":43}},"91":{"start":{"line":92,"column":0},"end":{"line":92,"column":31}},"92":{"start":{"line":93,"column":0},"end":{"line":93,"column":12}},"93":{"start":{"line":94,"column":0},"end":{"line":94,"column":36}},"94":{"start":{"line":95,"column":0},"end":{"line":95,"column":9}},"96":{"start":{"line":97,"column":0},"end":{"line":97,"column":17}},"98":{"start":{"line":99,"column":0},"end":{"line":99,"column":39}},"99":{"start":{"line":100,"column":0},"end":{"line":100,"column":35}},"100":{"start":{"line":101,"column":0},"end":{"line":101,"column":39}},"101":{"start":{"line":102,"column":0},"end":{"line":102,"column":51}},"102":{"start":{"line":103,"column":0},"end":{"line":103,"column":14}},"103":{"start":{"line":104,"column":0},"end":{"line":104,"column":12}},"104":{"start":{"line":105,"column":0},"end":{"line":105,"column":10}},"106":{"start":{"line":107,"column":0},"end":{"line":107,"column":2}}},"s":{"0":1,"5":1,"7":1,"9":1,"11":1,"13":1,"15":1,"16":8,"17":8,"18":8,"20":8,"21":8,"22":8,"23":8,"24":8,"26":8,"27":0,"29":0,"31":0,"32":0,"33":0,"34":0,"35":0,"36":0,"37":0,"38":0,"39":0,"40":0,"41":0,"42":0,"44":8,"45":6,"46":0,"47":0,"48":8,"50":8,"51":6,"52":13,"54":13,"55":13,"56":0,"57":0,"59":13,"60":13,"62":13,"63":13,"65":13,"67":6,"68":13,"70":6,"72":6,"73":0,"74":0,"75":8,"77":8,"78":8,"79":8,"80":8,"81":8,"82":8,"83":8,"85":8,"86":8,"87":8,"88":8,"89":8,"90":1,"91":1,"92":1,"93":8,"94":8,"96":8,"98":8,"99":8,"100":8,"101":8,"102":8,"103":8,"104":8,"106":8},"branchMap":{"0":{"type":"branch","line":16,"loc":{"start":{"line":16,"column":27},"end":{"line":107,"column":2}},"locations":[{"start":{"line":16,"column":27},"end":{"line":107,"column":2}}]},"1":{"type":"branch","line":84,"loc":{"start":{"line":84,"column":19},"end":{"line":84,"column":37}},"locations":[{"start":{"line":84,"column":19},"end":{"line":84,"column":37}}]},"2":{"type":"branch","line":86,"loc":{"start":{"line":86,"column":9},"end":{"line":86,"column":34}},"locations":[{"start":{"line":86,"column":9},"end":{"line":86,"column":34}}]},"3":{"type":"branch","line":101,"loc":{"start":{"line":101,"column":22},"end":{"line":101,"column":33}},"locations":[{"start":{"line":101,"column":22},"end":{"line":101,"column":33}}]},"4":{"type":"branch","line":102,"loc":{"start":{"line":102,"column":28},"end":{"line":102,"column":45}},"locations":[{"start":{"line":102,"column":28},"end":{"line":102,"column":45}}]},"5":{"type":"branch","line":45,"loc":{"start":{"line":45,"column":12},"end":{"line":49,"column":5}},"locations":[{"start":{"line":45,"column":12},"end":{"line":49,"column":5}}]},"6":{"type":"branch","line":46,"loc":{"start":{"line":46,"column":12},"end":{"line":48,"column":5}},"locations":[{"start":{"line":46,"column":12},"end":{"line":48,"column":5}}]},"7":{"type":"branch","line":51,"loc":{"start":{"line":51,"column":12},"end":{"line":76,"column":5}},"locations":[{"start":{"line":51,"column":12},"end":{"line":76,"column":5}}]},"8":{"type":"branch","line":52,"loc":{"start":{"line":52,"column":24},"end":{"line":69,"column":6}},"locations":[{"start":{"line":52,"column":24},"end":{"line":69,"column":6}}]},"9":{"type":"branch","line":56,"loc":{"start":{"line":56,"column":42},"end":{"line":58,"column":7}},"locations":[{"start":{"line":56,"column":42},"end":{"line":58,"column":7}}]},"10":{"type":"branch","line":61,"loc":{"start":{"line":61,"column":12},"end":{"line":61,"column":71}},"locations":[{"start":{"line":61,"column":12},"end":{"line":61,"column":71}}]},"11":{"type":"branch","line":66,"loc":{"start":{"line":66,"column":21},"end":{"line":68,"column":7}},"locations":[{"start":{"line":66,"column":21},"end":{"line":68,"column":7}}]},"12":{"type":"branch","line":90,"loc":{"start":{"line":90,"column":19},"end":{"line":93,"column":12}},"locations":[{"start":{"line":90,"column":19},"end":{"line":93,"column":12}}]}},"b":{"0":[8],"1":[0],"2":[0],"3":[0],"4":[0],"5":[6],"6":[0],"7":[6],"8":[13],"9":[0],"10":[7],"11":[6],"12":[1]},"fnMap":{"0":{"name":"DetailsCard","decl":{"start":{"line":16,"column":27},"end":{"line":107,"column":2}},"loc":{"start":{"line":16,"column":27},"end":{"line":107,"column":2}},"line":16},"1":{"name":"fetchFilms","decl":{"start":{"line":27,"column":21},"end":{"line":43,"column":4}},"loc":{"start":{"line":27,"column":21},"end":{"line":43,"column":4}},"line":27},"2":{"name":"handleClick","decl":{"start":{"line":52,"column":24},"end":{"line":69,"column":6}},"loc":{"start":{"line":52,"column":24},"end":{"line":69,"column":6}},"line":52},"3":{"name":"onClick","decl":{"start":{"line":90,"column":19},"end":{"line":93,"column":12}},"loc":{"start":{"line":90,"column":19},"end":{"line":93,"column":12}},"line":90}},"f":{"0":8,"1":0,"2":13,"3":1}}
,"C:\\Users\\qwert\\WEB_2\\React-Tasks\\src\\components\\Error\\index.ts": {"path":"C:\\Users\\qwert\\WEB_2\\React-Tasks\\src\\components\\Error\\index.ts","all":false,"statementMap":{"0":{"start":{"line":1,"column":0},"end":{"line":1,"column":35}}},"s":{"0":1},"branchMap":{},"b":{},"fnMap":{},"f":{}}
,"C:\\Users\\qwert\\WEB_2\\React-Tasks\\src\\components\\Error\\ui\\Error.tsx": {"path":"C:\\Users\\qwert\\WEB_2\\React-Tasks\\src\\components\\Error\\ui\\Error.tsx","all":false,"statementMap":{"0":{"start":{"line":1,"column":0},"end":{"line":1,"column":21}},"2":{"start":{"line":3,"column":0},"end":{"line":3,"column":28}},"3":{"start":{"line":4,"column":0},"end":{"line":4,"column":66}},"4":{"start":{"line":5,"column":0},"end":{"line":5,"column":2}}},"s":{"0":1,"2":1,"3":0,"4":0},"branchMap":{},"b":{},"fnMap":{"0":{"name":"Error","decl":{"start":{"line":3,"column":21},"end":{"line":5,"column":2}},"loc":{"start":{"line":3,"column":21},"end":{"line":5,"column":2}},"line":3}},"f":{"0":0}}
,"C:\\Users\\qwert\\WEB_2\\React-Tasks\\src\\components\\ErrorBoundary\\index.ts": {"path":"C:\\Users\\qwert\\WEB_2\\React-Tasks\\src\\components\\ErrorBoundary\\index.ts","all":false,"statementMap":{"0":{"start":{"line":1,"column":0},"end":{"line":1,"column":51}}},"s":{"0":1},"branchMap":{},"b":{},"fnMap":{},"f":{}}
,"C:\\Users\\qwert\\WEB_2\\React-Tasks\\src\\components\\ErrorBoundary\\ui\\ErrorBoundary.tsx": {"path":"C:\\Users\\qwert\\WEB_2\\React-Tasks\\src\\components\\ErrorBoundary\\ui\\ErrorBoundary.tsx","all":false,"statementMap":{"0":{"start":{"line":1,"column":0},"end":{"line":1,"column":41}},"1":{"start":{"line":2,"column":0},"end":{"line":2,"column":45}},"11":{"start":{"line":12,"column":0},"end":{"line":12,"column":74}},"12":{"start":{"line":13,"column":0},"end":{"line":13,"column":33}},"13":{"start":{"line":14,"column":0},"end":{"line":14,"column":17}},"14":{"start":{"line":15,"column":0},"end":{"line":15,"column":37}},"15":{"start":{"line":16,"column":0},"end":{"line":16,"column":3}},"17":{"start":{"line":18,"column":0},"end":{"line":18,"column":37}},"18":{"start":{"line":19,"column":0},"end":{"line":19,"column":30}},"19":{"start":{"line":20,"column":0},"end":{"line":20,"column":3}},"21":{"start":{"line":22,"column":0},"end":{"line":22,"column":57}},"22":{"start":{"line":23,"column":0},"end":{"line":23,"column":55}},"23":{"start":{"line":24,"column":0},"end":{"line":24,"column":3}},"25":{"start":{"line":26,"column":0},"end":{"line":26,"column":12}},"26":{"start":{"line":27,"column":0},"end":{"line":27,"column":30}},"27":{"start":{"line":28,"column":0},"end":{"line":28,"column":23}},"28":{"start":{"line":29,"column":0},"end":{"line":29,"column":5}},"30":{"start":{"line":31,"column":0},"end":{"line":31,"column":31}},"31":{"start":{"line":32,"column":0},"end":{"line":32,"column":3}},"32":{"start":{"line":33,"column":0},"end":{"line":33,"column":1}}},"s":{"0":1,"1":1,"11":1,"12":1,"13":0,"14":0,"15":0,"17":1,"18":0,"19":0,"21":1,"22":0,"23":0,"25":1,"26":0,"27":0,"28":0,"30":0,"31":0,"32":1},"branchMap":{},"b":{},"fnMap":{"0":{"name":"ErrorBoundary","decl":{"start":{"line":13,"column":2},"end":{"line":16,"column":3}},"loc":{"start":{"line":13,"column":2},"end":{"line":16,"column":3}},"line":13},"1":{"name":"getDerivedStateFromError","decl":{"start":{"line":18,"column":9},"end":{"line":20,"column":3}},"loc":{"start":{"line":18,"column":9},"end":{"line":20,"column":3}},"line":18},"2":{"name":"componentDidCatch","decl":{"start":{"line":22,"column":2},"end":{"line":24,"column":3}},"loc":{"start":{"line":22,"column":2},"end":{"line":24,"column":3}},"line":22},"3":{"name":"render","decl":{"start":{"line":26,"column":2},"end":{"line":32,"column":3}},"loc":{"start":{"line":26,"column":2},"end":{"line":32,"column":3}},"line":26}},"f":{"0":0,"1":0,"2":0,"3":0}}
,"C:\\Users\\qwert\\WEB_2\\React-Tasks\\src\\components\\ErrorButton\\index.ts": {"path":"C:\\Users\\qwert\\WEB_2\\React-Tasks\\src\\components\\ErrorButton\\index.ts","all":false,"statementMap":{"0":{"start":{"line":1,"column":0},"end":{"line":1,"column":47}}},"s":{"0":1},"branchMap":{},"b":{},"fnMap":{},"f":{}}
,"C:\\Users\\qwert\\WEB_2\\React-Tasks\\src\\components\\ErrorButton\\ui\\ErrorButton.tsx": {"path":"C:\\Users\\qwert\\WEB_2\\React-Tasks\\src\\components\\ErrorButton\\ui\\ErrorButton.tsx","all":false,"statementMap":{"0":{"start":{"line":1,"column":0},"end":{"line":1,"column":27}},"6":{"start":{"line":7,"column":0},"end":{"line":7,"column":61}},"7":{"start":{"line":8,"column":0},"end":{"line":8,"column":10}},"8":{"start":{"line":9,"column":0},"end":{"line":9,"column":48}},"9":{"start":{"line":10,"column":0},"end":{"line":10,"column":13}},"10":{"start":{"line":11,"column":0},"end":{"line":11,"column":13}},"12":{"start":{"line":13,"column":0},"end":{"line":13,"column":2}}},"s":{"0":1,"6":1,"7":19,"8":19,"9":19,"10":19,"12":19},"branchMap":{"0":{"type":"branch","line":7,"loc":{"start":{"line":7,"column":27},"end":{"line":13,"column":2}},"locations":[{"start":{"line":7,"column":27},"end":{"line":13,"column":2}}]}},"b":{"0":[19]},"fnMap":{"0":{"name":"ErrorButton","decl":{"start":{"line":7,"column":27},"end":{"line":13,"column":2}},"loc":{"start":{"line":7,"column":27},"end":{"line":13,"column":2}},"line":7}},"f":{"0":19}}
,"C:\\Users\\qwert\\WEB_2\\React-Tasks\\src\\components\\LoaderNew\\index.ts": {"path":"C:\\Users\\qwert\\WEB_2\\React-Tasks\\src\\components\\LoaderNew\\index.ts","all":false,"statementMap":{"0":{"start":{"line":1,"column":0},"end":{"line":1,"column":43}}},"s":{"0":1},"branchMap":{},"b":{},"fnMap":{},"f":{}}
,"C:\\Users\\qwert\\WEB_2\\React-Tasks\\src\\components\\LoaderNew\\ui\\LoaderNew.tsx": {"path":"C:\\Users\\qwert\\WEB_2\\React-Tasks\\src\\components\\LoaderNew\\ui\\LoaderNew.tsx","all":false,"statementMap":{"0":{"start":{"line":1,"column":0},"end":{"line":1,"column":25}},"2":{"start":{"line":3,"column":0},"end":{"line":3,"column":45}},"3":{"start":{"line":4,"column":0},"end":{"line":4,"column":30}},"4":{"start":{"line":5,"column":0},"end":{"line":5,"column":55}},"5":{"start":{"line":6,"column":0},"end":{"line":6,"column":8}}},"s":{"0":1,"2":1,"3":8,"4":8,"5":8},"branchMap":{"0":{"type":"branch","line":3,"loc":{"start":{"line":3,"column":25},"end":{"line":6,"column":8}},"locations":[{"start":{"line":3,"column":25},"end":{"line":6,"column":8}}]}},"b":{"0":[8]},"fnMap":{"0":{"name":"LoaderNew","decl":{"start":{"line":3,"column":25},"end":{"line":6,"column":8}},"loc":{"start":{"line":3,"column":25},"end":{"line":6,"column":8}},"line":3}},"f":{"0":8}}
,"C:\\Users\\qwert\\WEB_2\\React-Tasks\\src\\components\\Message\\index.ts": {"path":"C:\\Users\\qwert\\WEB_2\\React-Tasks\\src\\components\\Message\\index.ts","all":false,"statementMap":{"0":{"start":{"line":1,"column":0},"end":{"line":1,"column":39}}},"s":{"0":1},"branchMap":{},"b":{},"fnMap":{},"f":{}}
,"C:\\Users\\qwert\\WEB_2\\React-Tasks\\src\\components\\Message\\ui\\Message.tsx": {"path":"C:\\Users\\qwert\\WEB_2\\React-Tasks\\src\\components\\Message\\ui\\Message.tsx","all":false,"statementMap":{"0":{"start":{"line":1,"column":0},"end":{"line":1,"column":34}},"1":{"start":{"line":2,"column":0},"end":{"line":2,"column":41}},"3":{"start":{"line":4,"column":0},"end":{"line":4,"column":67}},"4":{"start":{"line":5,"column":0},"end":{"line":5,"column":57}},"5":{"start":{"line":6,"column":0},"end":{"line":6,"column":2}}},"s":{"0":1,"1":1,"3":1,"4":10,"5":10},"branchMap":{"0":{"type":"branch","line":4,"loc":{"start":{"line":4,"column":23},"end":{"line":6,"column":2}},"locations":[{"start":{"line":4,"column":23},"end":{"line":6,"column":2}}]}},"b":{"0":[10]},"fnMap":{"0":{"name":"Message","decl":{"start":{"line":4,"column":23},"end":{"line":6,"column":2}},"loc":{"start":{"line":4,"column":23},"end":{"line":6,"column":2}},"line":4}},"f":{"0":10}}
,"C:\\Users\\qwert\\WEB_2\\React-Tasks\\src\\components\\Pagination\\index.ts": {"path":"C:\\Users\\qwert\\WEB_2\\React-Tasks\\src\\components\\Pagination\\index.ts","all":false,"statementMap":{"0":{"start":{"line":1,"column":0},"end":{"line":1,"column":45}}},"s":{"0":1},"branchMap":{},"b":{},"fnMap":{},"f":{}}
,"C:\\Users\\qwert\\WEB_2\\React-Tasks\\src\\components\\Pagination\\ui\\Pagination.tsx": {"path":"C:\\Users\\qwert\\WEB_2\\React-Tasks\\src\\components\\Pagination\\ui\\Pagination.tsx","all":false,"statementMap":{"0":{"start":{"line":1,"column":0},"end":{"line":1,"column":47}},"1":{"start":{"line":2,"column":0},"end":{"line":2,"column":44}},"3":{"start":{"line":4,"column":0},"end":{"line":4,"column":28}},"4":{"start":{"line":5,"column":0},"end":{"line":5,"column":17}},"5":{"start":{"line":6,"column":0},"end":{"line":6,"column":14}},"6":{"start":{"line":7,"column":0},"end":{"line":7,"column":13}},"7":{"start":{"line":8,"column":0},"end":{"line":8,"column":4}},"11":{"start":{"line":12,"column":0},"end":{"line":12,"column":20}},"12":{"start":{"line":13,"column":0},"end":{"line":13,"column":33}},"14":{"start":{"line":15,"column":0},"end":{"line":15,"column":32}},"15":{"start":{"line":16,"column":0},"end":{"line":16,"column":64}},"16":{"start":{"line":17,"column":0},"end":{"line":17,"column":36}},"17":{"start":{"line":18,"column":0},"end":{"line":18,"column":4}},"19":{"start":{"line":20,"column":0},"end":{"line":20,"column":32}},"20":{"start":{"line":21,"column":0},"end":{"line":21,"column":51}},"21":{"start":{"line":22,"column":0},"end":{"line":22,"column":36}},"22":{"start":{"line":23,"column":0},"end":{"line":23,"column":4}},"24":{"start":{"line":25,"column":0},"end":{"line":25,"column":10}},"25":{"start":{"line":26,"column":0},"end":{"line":26,"column":9}},"26":{"start":{"line":27,"column":0},"end":{"line":27,"column":26}},"27":{"start":{"line":28,"column":0},"end":{"line":28,"column":42}},"28":{"start":{"line":29,"column":0},"end":{"line":29,"column":17}},"29":{"start":{"line":30,"column":0},"end":{"line":30,"column":40}},"30":{"start":{"line":31,"column":0},"end":{"line":31,"column":36}},"31":{"start":{"line":32,"column":0},"end":{"line":32,"column":25}},"32":{"start":{"line":33,"column":0},"end":{"line":33,"column":36}},"33":{"start":{"line":34,"column":0},"end":{"line":34,"column":30}},"34":{"start":{"line":35,"column":0},"end":{"line":35,"column":11}},"36":{"start":{"line":37,"column":0},"end":{"line":37,"column":19}},"37":{"start":{"line":38,"column":0},"end":{"line":38,"column":78}},"38":{"start":{"line":39,"column":0},"end":{"line":39,"column":17}},"39":{"start":{"line":40,"column":0},"end":{"line":40,"column":53}},"40":{"start":{"line":41,"column":0},"end":{"line":41,"column":36}},"41":{"start":{"line":42,"column":0},"end":{"line":42,"column":25}},"42":{"start":{"line":43,"column":0},"end":{"line":43,"column":36}},"43":{"start":{"line":44,"column":0},"end":{"line":44,"column":30}},"44":{"start":{"line":45,"column":0},"end":{"line":45,"column":11}},"46":{"start":{"line":47,"column":0},"end":{"line":47,"column":19}},"47":{"start":{"line":48,"column":0},"end":{"line":48,"column":14}},"49":{"start":{"line":50,"column":0},"end":{"line":50,"column":10}},"51":{"start":{"line":52,"column":0},"end":{"line":52,"column":2}}},"s":{"0":1,"1":1,"3":1,"4":19,"5":19,"6":19,"7":19,"11":19,"12":19,"14":19,"15":1,"16":1,"17":1,"19":19,"20":0,"21":0,"22":0,"24":19,"25":19,"26":19,"27":4,"28":4,"29":4,"30":4,"31":4,"32":4,"33":4,"34":4,"36":4,"37":4,"38":4,"39":4,"40":4,"41":4,"42":4,"43":4,"44":4,"46":4,"47":4,"49":19,"51":19},"branchMap":{"0":{"type":"branch","line":4,"loc":{"start":{"line":4,"column":26},"end":{"line":52,"column":2}},"locations":[{"start":{"line":4,"column":26},"end":{"line":52,"column":2}}]},"1":{"type":"branch","line":27,"loc":{"start":{"line":27,"column":7},"end":{"line":48,"column":14}},"locations":[{"start":{"line":27,"column":7},"end":{"line":48,"column":14}}]},"2":{"type":"branch","line":15,"loc":{"start":{"line":15,"column":25},"end":{"line":18,"column":4}},"locations":[{"start":{"line":15,"column":25},"end":{"line":18,"column":4}}]},"3":{"type":"branch","line":16,"loc":{"start":{"line":16,"column":57},"end":{"line":16,"column":64}},"locations":[{"start":{"line":16,"column":57},"end":{"line":16,"column":64}}]}},"b":{"0":[19],"1":[4],"2":[1],"3":[0]},"fnMap":{"0":{"name":"Pagination","decl":{"start":{"line":4,"column":26},"end":{"line":52,"column":2}},"loc":{"start":{"line":4,"column":26},"end":{"line":52,"column":2}},"line":4},"1":{"name":"handleNextPage","decl":{"start":{"line":15,"column":25},"end":{"line":18,"column":4}},"loc":{"start":{"line":15,"column":25},"end":{"line":18,"column":4}},"line":15},"2":{"name":"handlePrevPage","decl":{"start":{"line":20,"column":25},"end":{"line":23,"column":4}},"loc":{"start":{"line":20,"column":25},"end":{"line":23,"column":4}},"line":20}},"f":{"0":19,"1":1,"2":0}}
,"C:\\Users\\qwert\\WEB_2\\React-Tasks\\src\\components\\Search\\index.ts": {"path":"C:\\Users\\qwert\\WEB_2\\React-Tasks\\src\\components\\Search\\index.ts","all":false,"statementMap":{"0":{"start":{"line":1,"column":0},"end":{"line":1,"column":37}}},"s":{"0":1},"branchMap":{},"b":{},"fnMap":{},"f":{}}
,"C:\\Users\\qwert\\WEB_2\\React-Tasks\\src\\components\\Search\\ui\\Search.tsx": {"path":"C:\\Users\\qwert\\WEB_2\\React-Tasks\\src\\components\\Search\\ui\\Search.tsx","all":false,"statementMap":{"0":{"start":{"line":1,"column":0},"end":{"line":1,"column":39}},"2":{"start":{"line":3,"column":0},"end":{"line":3,"column":40}},"4":{"start":{"line":5,"column":0},"end":{"line":5,"column":24}},"5":{"start":{"line":6,"column":0},"end":{"line":6,"column":8}},"6":{"start":{"line":7,"column":0},"end":{"line":7,"column":11}},"7":{"start":{"line":8,"column":0},"end":{"line":8,"column":4}},"10":{"start":{"line":11,"column":0},"end":{"line":11,"column":7}},"11":{"start":{"line":12,"column":0},"end":{"line":12,"column":10}},"12":{"start":{"line":13,"column":0},"end":{"line":13,"column":35}},"13":{"start":{"line":14,"column":0},"end":{"line":14,"column":73}},"14":{"start":{"line":15,"column":0},"end":{"line":15,"column":53}},"16":{"start":{"line":17,"column":0},"end":{"line":17,"column":15}},"17":{"start":{"line":18,"column":0},"end":{"line":18,"column":12}},"19":{"start":{"line":20,"column":0},"end":{"line":20,"column":2}}},"s":{"0":1,"2":1,"4":1,"5":19,"6":19,"7":19,"10":19,"11":19,"12":19,"13":19,"14":19,"16":19,"17":19,"19":19},"branchMap":{"0":{"type":"branch","line":5,"loc":{"start":{"line":5,"column":22},"end":{"line":20,"column":2}},"locations":[{"start":{"line":5,"column":22},"end":{"line":20,"column":2}}]}},"b":{"0":[19]},"fnMap":{"0":{"name":"Search","decl":{"start":{"line":5,"column":22},"end":{"line":20,"column":2}},"loc":{"start":{"line":5,"column":22},"end":{"line":20,"column":2}},"line":5}},"f":{"0":19}}
,"C:\\Users\\qwert\\WEB_2\\React-Tasks\\src\\hooks\\useLocalStorage.ts": {"path":"C:\\Users\\qwert\\WEB_2\\React-Tasks\\src\\hooks\\useLocalStorage.ts","all":false,"statementMap":{"0":{"start":{"line":1,"column":0},"end":{"line":1,"column":33}},"2":{"start":{"line":3,"column":0},"end":{"line":3,"column":35}},"3":{"start":{"line":4,"column":0},"end":{"line":4,"column":14}},"4":{"start":{"line":5,"column":0},"end":{"line":5,"column":18}},"5":{"start":{"line":6,"column":0},"end":{"line":6,"column":34}},"6":{"start":{"line":7,"column":0},"end":{"line":7,"column":59}},"7":{"start":{"line":8,"column":0},"end":{"line":8,"column":50}},"8":{"start":{"line":9,"column":0},"end":{"line":9,"column":50}},"9":{"start":{"line":10,"column":0},"end":{"line":10,"column":5}},"11":{"start":{"line":12,"column":0},"end":{"line":12,"column":33}},"12":{"start":{"line":13,"column":0},"end":{"line":13,"column":60}},"13":{"start":{"line":14,"column":0},"end":{"line":14,"column":26}},"14":{"start":{"line":15,"column":0},"end":{"line":15,"column":4}},"16":{"start":{"line":17,"column":0},"end":{"line":17,"column":32}},"17":{"start":{"line":18,"column":0},"end":{"line":18,"column":2}}},"s":{"0":1,"2":1,"3":19,"4":19,"5":19,"6":19,"7":6,"8":6,"9":19,"11":19,"12":0,"13":0,"14":0,"16":19,"17":19},"branchMap":{"0":{"type":"branch","line":3,"loc":{"start":{"line":3,"column":31},"end":{"line":18,"column":2}},"locations":[{"start":{"line":3,"column":31},"end":{"line":18,"column":2}}]},"1":{"type":"branch","line":7,"loc":{"start":{"line":7,"column":52},"end":{"line":10,"column":3}},"locations":[{"start":{"line":7,"column":52},"end":{"line":10,"column":3}}]},"2":{"type":"branch","line":9,"loc":{"start":{"line":9,"column":11},"end":{"line":9,"column":37}},"locations":[{"start":{"line":9,"column":11},"end":{"line":9,"column":37}}]}},"b":{"0":[19],"1":[6],"2":[0]},"fnMap":{"0":{"name":"useLocalStorage","decl":{"start":{"line":3,"column":31},"end":{"line":18,"column":2}},"loc":{"start":{"line":3,"column":31},"end":{"line":18,"column":2}},"line":3},"1":{"name":"setItem","decl":{"start":{"line":12,"column":18},"end":{"line":15,"column":4}},"loc":{"start":{"line":12,"column":18},"end":{"line":15,"column":4}},"line":12}},"f":{"0":19,"1":0}}
,"C:\\Users\\qwert\\WEB_2\\React-Tasks\\src\\pages\\index.ts": {"path":"C:\\Users\\qwert\\WEB_2\\React-Tasks\\src\\pages\\index.ts","all":false,"statementMap":{"0":{"start":{"line":1,"column":0},"end":{"line":1,"column":42}}},"s":{"0":1},"branchMap":{},"b":{},"fnMap":{},"f":{}}
,"C:\\Users\\qwert\\WEB_2\\React-Tasks\\src\\pages\\SearchPage\\index.ts": {"path":"C:\\Users\\qwert\\WEB_2\\React-Tasks\\src\\pages\\SearchPage\\index.ts","all":false,"statementMap":{"0":{"start":{"line":1,"column":0},"end":{"line":1,"column":45}}},"s":{"0":1},"branchMap":{},"b":{},"fnMap":{},"f":{}}
,"C:\\Users\\qwert\\WEB_2\\React-Tasks\\src\\pages\\SearchPage\\ui\\SearchPage.tsx": {"path":"C:\\Users\\qwert\\WEB_2\\React-Tasks\\src\\pages\\SearchPage\\ui\\SearchPage.tsx","all":false,"statementMap":{"0":{"start":{"line":1,"column":0},"end":{"line":1,"column":60}},"2":{"start":{"line":3,"column":0},"end":{"line":3,"column":59}},"10":{"start":{"line":11,"column":0},"end":{"line":11,"column":29}},"13":{"start":{"line":14,"column":0},"end":{"line":14,"column":62}},"15":{"start":{"line":16,"column":0},"end":{"line":16,"column":44}},"16":{"start":{"line":17,"column":0},"end":{"line":17,"column":65}},"18":{"start":{"line":19,"column":0},"end":{"line":19,"column":33}},"19":{"start":{"line":20,"column":0},"end":{"line":20,"column":29}},"20":{"start":{"line":21,"column":0},"end":{"line":21,"column":48}},"21":{"start":{"line":22,"column":0},"end":{"line":22,"column":42}},"22":{"start":{"line":23,"column":0},"end":{"line":23,"column":44}},"23":{"start":{"line":24,"column":0},"end":{"line":24,"column":48}},"24":{"start":{"line":25,"column":0},"end":{"line":25,"column":41}},"25":{"start":{"line":26,"column":0},"end":{"line":26,"column":59}},"26":{"start":{"line":27,"column":0},"end":{"line":27,"column":53}},"27":{"start":{"line":28,"column":0},"end":{"line":28,"column":68}},"28":{"start":{"line":29,"column":0},"end":{"line":29,"column":13}},"29":{"start":{"line":30,"column":0},"end":{"line":30,"column":7}},"30":{"start":{"line":31,"column":0},"end":{"line":31,"column":4}},"32":{"start":{"line":33,"column":0},"end":{"line":33,"column":49}},"33":{"start":{"line":34,"column":0},"end":{"line":34,"column":36}},"34":{"start":{"line":35,"column":0},"end":{"line":35,"column":4}},"36":{"start":{"line":37,"column":0},"end":{"line":37,"column":76}},"38":{"start":{"line":39,"column":0},"end":{"line":39,"column":48}},"39":{"start":{"line":40,"column":0},"end":{"line":40,"column":23}},"40":{"start":{"line":41,"column":0},"end":{"line":41,"column":22}},"42":{"start":{"line":43,"column":0},"end":{"line":43,"column":32}},"43":{"start":{"line":44,"column":0},"end":{"line":44,"column":22}},"44":{"start":{"line":45,"column":0},"end":{"line":45,"column":4}},"45":{"start":{"line":46,"column":0},"end":{"line":46,"column":54}},"46":{"start":{"line":47,"column":0},"end":{"line":47,"column":48}},"47":{"start":{"line":48,"column":0},"end":{"line":48,"column":38}},"49":{"start":{"line":50,"column":0},"end":{"line":50,"column":27}},"50":{"start":{"line":51,"column":0},"end":{"line":51,"column":69}},"51":{"start":{"line":52,"column":0},"end":{"line":52,"column":49}},"53":{"start":{"line":54,"column":0},"end":{"line":54,"column":20}},"55":{"start":{"line":56,"column":0},"end":{"line":56,"column":9}},"56":{"start":{"line":57,"column":0},"end":{"line":57,"column":23}},"57":{"start":{"line":58,"column":0},"end":{"line":58,"column":41}},"58":{"start":{"line":59,"column":0},"end":{"line":59,"column":59}},"59":{"start":{"line":60,"column":0},"end":{"line":60,"column":32}},"60":{"start":{"line":61,"column":0},"end":{"line":61,"column":56}},"61":{"start":{"line":62,"column":0},"end":{"line":62,"column":40}},"62":{"start":{"line":63,"column":0},"end":{"line":63,"column":21}},"63":{"start":{"line":64,"column":0},"end":{"line":64,"column":20}},"64":{"start":{"line":65,"column":0},"end":{"line":65,"column":21}},"65":{"start":{"line":66,"column":0},"end":{"line":66,"column":15}},"66":{"start":{"line":67,"column":0},"end":{"line":67,"column":24}},"67":{"start":{"line":68,"column":0},"end":{"line":68,"column":5}},"68":{"start":{"line":69,"column":0},"end":{"line":69,"column":4}},"70":{"start":{"line":71,"column":0},"end":{"line":71,"column":35}},"71":{"start":{"line":72,"column":0},"end":{"line":72,"column":18}},"72":{"start":{"line":73,"column":0},"end":{"line":73,"column":4}},"74":{"start":{"line":75,"column":0},"end":{"line":75,"column":43}},"75":{"start":{"line":76,"column":0},"end":{"line":76,"column":48}},"77":{"start":{"line":78,"column":0},"end":{"line":78,"column":27}},"78":{"start":{"line":79,"column":0},"end":{"line":79,"column":4}},"80":{"start":{"line":81,"column":0},"end":{"line":81,"column":44}},"81":{"start":{"line":82,"column":0},"end":{"line":82,"column":43}},"83":{"start":{"line":84,"column":0},"end":{"line":84,"column":37}},"84":{"start":{"line":85,"column":0},"end":{"line":85,"column":4}},"86":{"start":{"line":87,"column":0},"end":{"line":87,"column":19}},"88":{"start":{"line":89,"column":0},"end":{"line":89,"column":28}},"89":{"start":{"line":90,"column":0},"end":{"line":90,"column":34}},"90":{"start":{"line":91,"column":0},"end":{"line":91,"column":36}},"91":{"start":{"line":92,"column":0},"end":{"line":92,"column":12}},"92":{"start":{"line":93,"column":0},"end":{"line":93,"column":19}},"93":{"start":{"line":94,"column":0},"end":{"line":94,"column":5}},"94":{"start":{"line":95,"column":0},"end":{"line":95,"column":20}},"96":{"start":{"line":97,"column":0},"end":{"line":97,"column":19}},"97":{"start":{"line":98,"column":0},"end":{"line":98,"column":15}},"98":{"start":{"line":99,"column":0},"end":{"line":99,"column":47}},"99":{"start":{"line":100,"column":0},"end":{"line":100,"column":5}},"100":{"start":{"line":101,"column":0},"end":{"line":101,"column":13}},"102":{"start":{"line":103,"column":0},"end":{"line":103,"column":19}},"103":{"start":{"line":104,"column":0},"end":{"line":104,"column":52}},"104":{"start":{"line":105,"column":0},"end":{"line":105,"column":20}},"106":{"start":{"line":107,"column":0},"end":{"line":107,"column":10}},"107":{"start":{"line":108,"column":0},"end":{"line":108,"column":35}},"108":{"start":{"line":109,"column":0},"end":{"line":109,"column":41}},"109":{"start":{"line":110,"column":0},"end":{"line":110,"column":52}},"110":{"start":{"line":111,"column":0},"end":{"line":111,"column":22}},"111":{"start":{"line":112,"column":0},"end":{"line":112,"column":25}},"112":{"start":{"line":113,"column":0},"end":{"line":113,"column":31}},"113":{"start":{"line":114,"column":0},"end":{"line":114,"column":39}},"114":{"start":{"line":115,"column":0},"end":{"line":115,"column":12}},"115":{"start":{"line":116,"column":0},"end":{"line":116,"column":14}},"117":{"start":{"line":118,"column":0},"end":{"line":118,"column":39}},"118":{"start":{"line":119,"column":0},"end":{"line":119,"column":54}},"119":{"start":{"line":120,"column":0},"end":{"line":120,"column":15}},"120":{"start":{"line":121,"column":0},"end":{"line":121,"column":12}},"121":{"start":{"line":122,"column":0},"end":{"line":122,"column":44}},"122":{"start":{"line":123,"column":0},"end":{"line":123,"column":43}},"123":{"start":{"line":124,"column":0},"end":{"line":124,"column":34}},"124":{"start":{"line":125,"column":0},"end":{"line":125,"column":48}},"125":{"start":{"line":126,"column":0},"end":{"line":126,"column":63}},"127":{"start":{"line":128,"column":0},"end":{"line":128,"column":67}},"128":{"start":{"line":129,"column":0},"end":{"line":129,"column":12}},"129":{"start":{"line":130,"column":0},"end":{"line":130,"column":17}},"130":{"start":{"line":131,"column":0},"end":{"line":131,"column":33}},"131":{"start":{"line":132,"column":0},"end":{"line":132,"column":31}},"132":{"start":{"line":133,"column":0},"end":{"line":133,"column":39}},"133":{"start":{"line":134,"column":0},"end":{"line":134,"column":8}},"134":{"start":{"line":135,"column":0},"end":{"line":135,"column":10}},"136":{"start":{"line":137,"column":0},"end":{"line":137,"column":2}}},"s":{"0":1,"2":1,"10":1,"13":1,"15":1,"16":1,"18":1,"19":19,"20":19,"21":19,"22":19,"23":19,"24":19,"25":19,"26":19,"27":19,"28":19,"29":19,"30":19,"32":19,"33":19,"34":19,"36":19,"38":19,"39":0,"40":0,"42":0,"43":0,"44":0,"45":19,"46":19,"47":7,"49":7,"50":0,"51":7,"53":7,"55":7,"56":7,"57":7,"58":7,"59":7,"60":7,"61":7,"62":7,"63":2,"64":2,"65":4,"66":3,"67":3,"68":7,"70":19,"71":0,"72":0,"74":19,"75":0,"77":0,"78":0,"80":19,"81":0,"83":0,"84":0,"86":19,"88":7,"89":0,"90":0,"91":7,"92":7,"93":7,"94":19,"96":19,"97":6,"98":0,"99":0,"100":19,"102":19,"103":7,"104":19,"106":19,"107":19,"108":19,"109":19,"110":19,"111":19,"112":19,"113":19,"114":19,"115":19,"117":19,"118":19,"119":19,"120":19,"121":19,"122":19,"123":19,"124":19,"125":3,"127":19,"128":19,"129":19,"130":19,"131":19,"132":19,"133":19,"134":19,"136":19},"branchMap":{"0":{"type":"branch","line":19,"loc":{"start":{"line":19,"column":26},"end":{"line":137,"column":2}},"locations":[{"start":{"line":19,"column":26},"end":{"line":137,"column":2}}]},"1":{"type":"branch","line":34,"loc":{"start":{"line":34,"column":11},"end":{"line":34,"column":34}},"locations":[{"start":{"line":34,"column":11},"end":{"line":34,"column":34}}]},"2":{"type":"branch","line":34,"loc":{"start":{"line":34,"column":27},"end":{"line":34,"column":36}},"locations":[{"start":{"line":34,"column":27},"end":{"line":34,"column":36}}]},"3":{"type":"branch","line":123,"loc":{"start":{"line":123,"column":9},"end":{"line":123,"column":43}},"locations":[{"start":{"line":123,"column":9},"end":{"line":123,"column":43}}]},"4":{"type":"branch","line":124,"loc":{"start":{"line":124,"column":9},"end":{"line":124,"column":34}},"locations":[{"start":{"line":124,"column":9},"end":{"line":124,"column":34}}]},"5":{"type":"branch","line":125,"loc":{"start":{"line":125,"column":10},"end":{"line":125,"column":31}},"locations":[{"start":{"line":125,"column":10},"end":{"line":125,"column":31}}]},"6":{"type":"branch","line":125,"loc":{"start":{"line":125,"column":22},"end":{"line":125,"column":48}},"locations":[{"start":{"line":125,"column":22},"end":{"line":125,"column":48}}]},"7":{"type":"branch","line":125,"loc":{"start":{"line":125,"column":31},"end":{"line":125,"column":48}},"locations":[{"start":{"line":125,"column":31},"end":{"line":125,"column":48}}]},"8":{"type":"branch","line":125,"loc":{"start":{"line":125,"column":37},"end":{"line":126,"column":63}},"locations":[{"start":{"line":125,"column":37},"end":{"line":126,"column":63}}]},"9":{"type":"branch","line":128,"loc":{"start":{"line":128,"column":10},"end":{"line":128,"column":38}},"locations":[{"start":{"line":128,"column":10},"end":{"line":128,"column":38}}]},"10":{"type":"branch","line":128,"loc":{"start":{"line":128,"column":22},"end":{"line":128,"column":38}},"locations":[{"start":{"line":128,"column":22},"end":{"line":128,"column":38}}]},"11":{"type":"branch","line":128,"loc":{"start":{"line":128,"column":28},"end":{"line":128,"column":67}},"locations":[{"start":{"line":128,"column":28},"end":{"line":128,"column":67}}]},"12":{"type":"branch","line":47,"loc":{"start":{"line":47,"column":21},"end":{"line":69,"column":4}},"locations":[{"start":{"line":47,"column":21},"end":{"line":69,"column":4}}]},"13":{"type":"branch","line":48,"loc":{"start":{"line":48,"column":24},"end":{"line":48,"column":36}},"locations":[{"start":{"line":48,"column":24},"end":{"line":48,"column":36}}]},"14":{"type":"branch","line":50,"loc":{"start":{"line":50,"column":16},"end":{"line":51,"column":69}},"locations":[{"start":{"line":50,"column":16},"end":{"line":51,"column":69}}]},"15":{"type":"branch","line":58,"loc":{"start":{"line":58,"column":39},"end":{"line":59,"column":38}},"locations":[{"start":{"line":58,"column":39},"end":{"line":59,"column":38}}]},"16":{"type":"branch","line":59,"loc":{"start":{"line":59,"column":29},"end":{"line":59,"column":53}},"locations":[{"start":{"line":59,"column":29},"end":{"line":59,"column":53}}]},"17":{"type":"branch","line":59,"loc":{"start":{"line":59,"column":43},"end":{"line":59,"column":57}},"locations":[{"start":{"line":59,"column":43},"end":{"line":59,"column":57}}]},"18":{"type":"branch","line":63,"loc":{"start":{"line":63,"column":4},"end":{"line":68,"column":5}},"locations":[{"start":{"line":63,"column":4},"end":{"line":68,"column":5}}]},"19":{"type":"branch","line":63,"loc":{"start":{"line":63,"column":4},"end":{"line":66,"column":6}},"locations":[{"start":{"line":63,"column":4},"end":{"line":66,"column":6}}]},"20":{"type":"branch","line":66,"loc":{"start":{"line":66,"column":4},"end":{"line":68,"column":5}},"locations":[{"start":{"line":66,"column":4},"end":{"line":68,"column":5}}]},"21":{"type":"branch","line":87,"loc":{"start":{"line":87,"column":12},"end":{"line":95,"column":5}},"locations":[{"start":{"line":87,"column":12},"end":{"line":95,"column":5}}]},"22":{"type":"branch","line":89,"loc":{"start":{"line":89,"column":27},"end":{"line":92,"column":11}},"locations":[{"start":{"line":89,"column":27},"end":{"line":92,"column":11}}]},"23":{"type":"branch","line":97,"loc":{"start":{"line":97,"column":12},"end":{"line":101,"column":5}},"locations":[{"start":{"line":97,"column":12},"end":{"line":101,"column":5}}]},"24":{"type":"branch","line":98,"loc":{"start":{"line":98,"column":14},"end":{"line":100,"column":5}},"locations":[{"start":{"line":98,"column":14},"end":{"line":100,"column":5}}]},"25":{"type":"branch","line":103,"loc":{"start":{"line":103,"column":12},"end":{"line":105,"column":5}},"locations":[{"start":{"line":103,"column":12},"end":{"line":105,"column":5}}]},"26":{"type":"branch","line":104,"loc":{"start":{"line":104,"column":26},"end":{"line":104,"column":49}},"locations":[{"start":{"line":104,"column":26},"end":{"line":104,"column":49}}]},"27":{"type":"branch","line":104,"loc":{"start":{"line":104,"column":42},"end":{"line":104,"column":50}},"locations":[{"start":{"line":104,"column":42},"end":{"line":104,"column":50}}]}},"b":{"0":[19],"1":[3],"2":[16],"3":[2],"4":[8],"5":[11],"6":[9],"7":[3],"8":[3],"9":[11],"10":[3],"11":[8],"12":[7],"13":[0],"14":[0],"15":[1],"16":[1],"17":[0],"18":[4],"19":[2],"20":[3],"21":[7],"22":[0],"23":[6],"24":[0],"25":[7],"26":[1],"27":[6]},"fnMap":{"0":{"name":"SearchPage","decl":{"start":{"line":19,"column":26},"end":{"line":137,"column":2}},"loc":{"start":{"line":19,"column":26},"end":{"line":137,"column":2}},"line":19},"1":{"name":"submitHandler","decl":{"start":{"line":39,"column":24},"end":{"line":45,"column":4}},"loc":{"start":{"line":39,"column":24},"end":{"line":45,"column":4}},"line":39},"2":{"name":"fetchFilms","decl":{"start":{"line":47,"column":21},"end":{"line":69,"column":4}},"loc":{"start":{"line":47,"column":21},"end":{"line":69,"column":4}},"line":47},"3":{"name":"throwErrorHandler","decl":{"start":{"line":71,"column":28},"end":{"line":73,"column":4}},"loc":{"start":{"line":71,"column":28},"end":{"line":73,"column":4}},"line":71},"4":{"name":"onChange","decl":{"start":{"line":75,"column":19},"end":{"line":79,"column":4}},"loc":{"start":{"line":75,"column":19},"end":{"line":79,"column":4}},"line":75},"5":{"name":"handleClickCard","decl":{"start":{"line":81,"column":26},"end":{"line":85,"column":4}},"loc":{"start":{"line":81,"column":26},"end":{"line":85,"column":4}},"line":81}},"f":{"0":19,"1":0,"2":7,"3":0,"4":0,"5":0}}
,"C:\\Users\\qwert\\WEB_2\\React-Tasks\\src\\utils\\utils.ts": {"path":"C:\\Users\\qwert\\WEB_2\\React-Tasks\\src\\utils\\utils.ts","all":false,"statementMap":{"0":{"start":{"line":1,"column":0},"end":{"line":1,"column":47}},"2":{"start":{"line":3,"column":0},"end":{"line":3,"column":50}},"3":{"start":{"line":4,"column":0},"end":{"line":4,"column":36}},"5":{"start":{"line":6,"column":0},"end":{"line":6,"column":21}},"6":{"start":{"line":7,"column":0},"end":{"line":7,"column":61}},"7":{"start":{"line":8,"column":0},"end":{"line":8,"column":3}},"9":{"start":{"line":10,"column":0},"end":{"line":10,"column":25}},"10":{"start":{"line":11,"column":0},"end":{"line":11,"column":2}}},"s":{"0":1,"2":1,"3":7,"5":4,"6":0,"7":0,"9":3,"10":3},"branchMap":{"0":{"type":"branch","line":3,"loc":{"start":{"line":3,"column":26},"end":{"line":11,"column":2}},"locations":[{"start":{"line":3,"column":26},"end":{"line":11,"column":2}}]},"1":{"type":"branch","line":4,"loc":{"start":{"line":4,"column":34},"end":{"line":11,"column":2}},"locations":[{"start":{"line":4,"column":34},"end":{"line":11,"column":2}}]},"2":{"type":"branch","line":4,"loc":{"start":{"line":4,"column":34},"end":{"line":6,"column":20}},"locations":[{"start":{"line":4,"column":34},"end":{"line":6,"column":20}}]},"3":{"type":"branch","line":6,"loc":{"start":{"line":6,"column":20},"end":{"line":8,"column":3}},"locations":[{"start":{"line":6,"column":20},"end":{"line":8,"column":3}}]},"4":{"type":"branch","line":8,"loc":{"start":{"line":8,"column":2},"end":{"line":11,"column":2}},"locations":[{"start":{"line":8,"column":2},"end":{"line":11,"column":2}}]}},"b":{"0":[7],"1":[4],"2":[3],"3":[0],"4":[3]},"fnMap":{"0":{"name":"getRequest","decl":{"start":{"line":3,"column":26},"end":{"line":11,"column":2}},"loc":{"start":{"line":3,"column":26},"end":{"line":11,"column":2}},"line":3}},"f":{"0":7}}
}
